d:\chess\x64\debug\chess.lib
d:\chess\x64\debug\chess.exp
d:\chess\x64\debug\sdl2d.dll
d:\chess\chess\x64\debug\vc143.pdb
d:\chess\chess\x64\debug\vc143.idb
d:\chess\chess\x64\debug\application.obj
d:\chess\chess\x64\debug\square.obj
d:\chess\chess\x64\debug\piece.obj
d:\chess\chess\x64\debug\boardgame.obj
d:\chess\chess\x64\debug\eventhandler.obj
d:\chess\chess\x64\debug\chess.ilk
d:\chess\x64\debug\chess.dll
d:\chess\x64\debug\chess.pdb
d:\chess\chess\x64\debug\chess.tlog\chess.write.1u.tlog
d:\chess\chess\x64\debug\chess.tlog\cl.command.1.tlog
d:\chess\chess\x64\debug\chess.tlog\cl.read.1.tlog
d:\chess\chess\x64\debug\chess.tlog\cl.write.1.tlog
d:\chess\chess\x64\debug\chess.tlog\link.command.1.tlog
d:\chess\chess\x64\debug\chess.tlog\link.read.1.tlog
d:\chess\chess\x64\debug\chess.tlog\link.write.1.tlog
